TN:
SF:public\js\api.js
FN:4,(anonymous_0)
FN:11,(anonymous_1)
FN:22,(anonymous_2)
FN:34,(anonymous_3)
FN:50,(anonymous_4)
FNF:5
FNH:5
FNDA:4,(anonymous_0)
FNDA:2,(anonymous_1)
FNDA:1,(anonymous_2)
FNDA:4,(anonymous_3)
FNDA:1,(anonymous_4)
DA:1,1
DA:5,4
DA:6,2
DA:8,2
DA:12,2
DA:13,2
DA:14,2
DA:15,1
DA:18,1
DA:19,0
DA:22,1
DA:29,1
DA:30,1
DA:35,4
DA:37,4
DA:38,2
DA:41,2
DA:42,2
DA:43,1
DA:46,1
DA:47,0
DA:50,1
DA:58,3
DA:59,3
LF:24
LH:22
BRDA:5,0,0,2
BRDA:5,0,1,2
BRDA:18,1,0,0
BRDA:18,1,1,1
BRDA:24,2,0,1
BRDA:24,2,1,0
BRDA:25,3,0,1
BRDA:25,3,1,0
BRDA:37,4,0,2
BRDA:37,4,1,2
BRDA:37,5,0,4
BRDA:37,5,1,3
BRDA:46,6,0,0
BRDA:46,6,1,1
BRDA:53,7,0,1
BRDA:53,7,1,0
BRDA:54,8,0,1
BRDA:54,8,1,0
BRDA:55,9,0,1
BRDA:55,9,1,0
BRF:20
BRH:13
end_of_record
