TN:
SF:public/js/api.js
FN:4,(anonymous_0)
FN:11,(anonymous_1)
FN:22,(anonymous_2)
FN:34,(anonymous_3)
FN:50,(anonymous_4)
FNF:5
FNH:5
FNDA:6,(anonymous_0)
FNDA:3,(anonymous_1)
FNDA:1,(anonymous_2)
FNDA:6,(anonymous_3)
FNDA:1,(anonymous_4)
DA:1,2
DA:5,6
DA:6,1
DA:8,5
DA:12,3
DA:13,3
DA:14,2
DA:15,2
DA:18,2
DA:19,1
DA:22,1
DA:29,2
DA:30,2
DA:35,6
DA:37,6
DA:38,3
DA:41,3
DA:42,2
DA:43,2
DA:46,2
DA:47,1
DA:50,1
DA:58,5
DA:59,5
LF:24
LH:24
BRDA:5,0,0,1
BRDA:5,0,1,5
BRDA:18,1,0,1
BRDA:18,1,1,1
BRDA:24,2,0,1
BRDA:24,2,1,0
BRDA:25,3,0,1
BRDA:25,3,1,0
BRDA:37,4,0,3
BRDA:37,4,1,3
BRDA:37,5,0,6
BRDA:37,5,1,5
BRDA:46,6,0,1
BRDA:46,6,1,1
BRDA:53,7,0,1
BRDA:53,7,1,0
BRDA:54,8,0,1
BRDA:54,8,1,0
BRDA:55,9,0,1
BRDA:55,9,1,0
BRF:20
BRH:15
end_of_record
TN:
SF:public/js/main.js
FN:5,(anonymous_0)
FN:13,(anonymous_1)
FN:36,(anonymous_2)
FN:37,(anonymous_3)
FN:38,(anonymous_4)
FN:39,(anonymous_5)
FN:40,(anonymous_6)
FN:43,(anonymous_7)
FN:53,(anonymous_8)
FN:55,(anonymous_9)
FN:74,(anonymous_10)
FN:75,(anonymous_11)
FN:84,(anonymous_12)
FN:90,(anonymous_13)
FN:101,(anonymous_14)
FN:116,(anonymous_15)
FN:122,(anonymous_16)
FN:132,(anonymous_17)
FNF:18
FNH:13
FNDA:9,(anonymous_0)
FNDA:9,(anonymous_1)
FNDA:9,(anonymous_2)
FNDA:0,(anonymous_3)
FNDA:0,(anonymous_4)
FNDA:0,(anonymous_5)
FNDA:0,(anonymous_6)
FNDA:11,(anonymous_7)
FNDA:11,(anonymous_8)
FNDA:11,(anonymous_9)
FNDA:11,(anonymous_10)
FNDA:0,(anonymous_11)
FNDA:10,(anonymous_12)
FNDA:10,(anonymous_13)
FNDA:2,(anonymous_14)
FNDA:1,(anonymous_15)
FNDA:2,(anonymous_16)
FNDA:1,(anonymous_17)
DA:6,9
DA:7,9
DA:8,9
DA:9,9
DA:10,9
DA:15,9
DA:16,9
DA:19,9
DA:20,9
DA:23,9
DA:24,9
DA:27,9
DA:28,9
DA:31,9
DA:32,9
DA:33,9
DA:37,9
DA:38,9
DA:39,9
DA:40,9
DA:44,11
DA:45,11
DA:46,10
DA:47,10
DA:49,1
DA:54,11
DA:55,11
DA:70,11
DA:71,11
DA:74,11
DA:75,11
DA:76,0
DA:77,0
DA:78,0
DA:85,10
DA:87,10
DA:88,10
DA:89,10
DA:90,10
DA:97,10
DA:98,10
DA:102,2
DA:103,2
DA:104,1
DA:105,1
DA:106,1
DA:107,1
DA:109,1
DA:110,1
DA:111,1
DA:112,1
DA:117,1
DA:118,1
DA:119,1
DA:123,2
DA:124,2
DA:125,1
DA:126,1
DA:128,1
DA:133,1
LF:60
LH:57
BRDA:77,0,0,0
BRDA:77,0,1,0
BRDA:103,1,0,1
BRDA:103,1,1,1
BRF:4
BRH:2
end_of_record
TN:
SF:public/js/utils.js
FN:2,(anonymous_0)
FN:3,(anonymous_1)
FN:6,(anonymous_2)
FN:7,(anonymous_3)
FN:13,(anonymous_4)
FN:19,(anonymous_5)
FN:21,(anonymous_6)
FN:24,(anonymous_7)
FN:27,(anonymous_8)
FN:33,(anonymous_9)
FN:34,(anonymous_10)
FNF:11
FNH:11
FNDA:2,(anonymous_0)
FNDA:6,(anonymous_1)
FNDA:2,(anonymous_2)
FNDA:5,(anonymous_3)
FNDA:9,(anonymous_4)
FNDA:2,(anonymous_5)
FNDA:3,(anonymous_6)
FNDA:3,(anonymous_7)
FNDA:6,(anonymous_8)
FNDA:2,(anonymous_9)
FNDA:2,(anonymous_10)
DA:3,6
DA:7,2
DA:8,5
DA:9,5
DA:14,9
DA:15,9
DA:16,9
DA:20,2
DA:21,3
DA:25,3
DA:26,2
DA:27,2
DA:28,6
DA:34,2
LF:14
LH:14
BRDA:8,0,0,5
BRDA:8,0,1,3
BRDA:25,1,0,1
BRDA:25,1,1,2
BRDA:28,2,0,6
BRDA:28,2,1,4
BRF:6
BRH:6
end_of_record
